<?xml version="1.0" encoding="UTF-8"?>
<testsuite name="org.example.Archive1PluginTest" tests="1" skipped="0" failures="0" errors="0" timestamp="2024-10-10T09:53:10" hostname="GuruSoftware" time="2.193">
  <properties/>
  <testcase name="pluginRegistersATask()" classname="org.example.Archive1PluginTest" time="2.193"/>
  <system-out><![CDATA[]]></system-out>
  <system-err><![CDATA[]]></system-err>
</testsuite>
